#
# There is insufficient memory for the Java Runtime Environment to continue.
# Native memory allocation (mmap) failed to map 134217728 bytes for G1 virtual space
# Possible reasons:
#   The system is out of physical RAM or swap space
#   The process is running with CompressedOops enabled, and the Java Heap may be blocking the growth of the native heap
# Possible solutions:
#   Reduce memory load on the system
#   Increase physical memory or swap space
#   Check if swap backing store is full
#   Decrease Java heap size (-Xmx/-Xms)
#   Decrease number of Java threads
#   Decrease Java thread stack sizes (-Xss)
#   Set larger code cache with -XX:ReservedCodeCacheSize=
#   JVM is running with Unscaled Compressed Oops mode in which the Java heap is
#     placed in the first 4GB address space. The Java Heap base address is the
#     maximum limit for the native heap growth. Please use -XX:HeapBaseMinAddress
#     to set the Java Heap base and to place the Java Heap above 4GB virtual address.
# This output file may be truncated or incomplete.
#
#  Out of Memory Error (os_windows.cpp:3825), pid=12960, tid=3916
#
# JRE version:  (17.0.9+7) (build )
# Java VM: OpenJDK 64-Bit Server VM (17.0.9+7-b1087.11, mixed mode, sharing, tiered, compressed oops, compressed class ptrs, g1 gc, windows-amd64)
# No core dump will be written. Minidumps are not enabled by default on client versions of Windows
#

---------------  S U M M A R Y ------------

Command Line: -Djava.rmi.server.hostname=127.0.0.1 -Duser.timezone=UTC -Xmx1024m -Xms128m -Djdbc.classpath=C:\Program Files\JetBrains\PyCharm 2023.3.3\plugins\DatabaseTools\lib\jdbc-console.jar;C:\Users\Admin\AppData\Roaming\JetBrains\PyCharm2023.3\jdbc-drivers\PostgreSQL\42.6.0\org\postgresql\postgresql\42.6.0\postgresql-42.6.0.jar;C:\Users\Admin\AppData\Roaming\JetBrains\PyCharm2023.3\jdbc-drivers\PostgreSQL\42.6.0\org\checkerframework\checker-qual\3.31.0\checker-qual-3.31.0.jar;C:\Users\Admin\AppData\Roaming\JetBrains\PyCharm2023.3\jdbc-drivers\PostgreSQL\42.6.0\com\github\waffle\waffle-jna\1.9.1\waffle-jna-1.9.1.jar;C:\Users\Admin\AppData\Roaming\JetBrains\PyCharm2023.3\jdbc-drivers\PostgreSQL\42.6.0\net\java\dev\jna\jna\4.5.1\jna-4.5.1.jar;C:\Users\Admin\AppData\Roaming\JetBrains\PyCharm2023.3\jdbc-drivers\PostgreSQL\42.6.0\net\java\dev\jna\jna-platform\4.5.1\jna-platform-4.5.1.jar;C:\Users\Admin\AppData\Roaming\JetBrains\PyCharm2023.3\jdbc-drivers\PostgreSQL\42.6.0\org\slf4j\jcl-over-slf4j\1.7.25\jcl-over-slf4j-1.7.25.jar;C:\Users\Admin\AppData\Roaming\JetBrains\PyCharm2023.3\jdbc-drivers\PostgreSQL\42.6.0\org\slf4j\slf4j-api\1.7.25\slf4j-api-1.7.25.jar;C:\Users\Admin\AppData\Roaming\JetBrains\PyCharm2023.3\jdbc-drivers\PostgreSQL\42.6.0\com\github\ben-manes\caffeine\caffeine\2.6.2\caffeine-2.6.2.jar --add-exports=java.desktop/sun.awt=ALL-UNNAMED --add-exports=java.desktop/java.awt.peer=ALL-UNNAMED --add-opens=java.desktop/java.awt=ALL-UNNAMED --add-opens=jdk.unsupported/sun.misc=ALL-UNNAMED --add-opens=java.base/java.nio=ALL-UNNAMED --add-opens=java.base/java.util=ALL-UNNAMED -Dfile.encoding=UTF-8 com.intellij.database.remote.RemoteJdbcServer org.postgresql.Driver

Host: Intel(R) Core(TM) i5-4570 CPU @ 3.20GHz, 4 cores, 7G,  Windows 10 , 64 bit Build 19041 (10.0.19041.4597)
Time: Mon Aug 26 20:09:53 2024 RTZ 2 (s 10 , 64 bit Build 19041 (10.0.19041.4597) elapsed time: 0.012056 seconds (0d 0h 0m 0s)

---------------  T H R E A D  ---------------

Current thread (0x0000021b69f78630):  JavaThread "Unknown thread" [_thread_in_vm, id=3916, stack(0x000000ebca800000,0x000000ebca900000)]

Stack: [0x000000ebca800000,0x000000ebca900000]
Native frames: (J=compiled Java code, j=interpreted, Vv=VM code, C=native code)
V  [jvm.dll+0x688349]
V  [jvm.dll+0x841bfa]
V  [jvm.dll+0x84383e]
V  [jvm.dll+0x843ea3]
V  [jvm.dll+0x24bdef]
V  [jvm.dll+0x6850f9]
V  [jvm.dll+0x67988a]
V  [jvm.dll+0x30cbfb]
V  [jvm.dll+0x3140a6]
V  [jvm.dll+0x363ede]
V  [jvm.dll+0x36410f]
V  [jvm.dll+0x2e29c8]
V  [jvm.dll+0x2e3934]
V  [jvm.dll+0x812771]
V  [jvm.dll+0x371d41]
V  [jvm.dll+0x7f12bc]
V  [jvm.dll+0x3f59cf]
V  [jvm.dll+0x3f7601]
C  [jli.dll+0x528f]
C  [ucrtbase.dll+0x21bb2]
C  [KERNEL32.DLL+0x17374]
C  [ntdll.dll+0x4cc91]


---------------  P R O C E S S  ---------------

Threads class SMR info:
_java_thread_list=0x00007fffb208df18, length=0, elements={
}

Java Threads: ( => current thread )

Other Threads:
  0x0000021b69fb0610 GCTaskThread "GC Thread#0" [stack: 0x000000ebca900000,0x000000ebcaa00000] [id=16044]
  0x0000021b69fb9470 ConcurrentGCThread "G1 Main Marker" [stack: 0x000000ebcaa00000,0x000000ebcab00000] [id=5488]
  0x0000021b69fbadb0 ConcurrentGCThread "G1 Conc#0" [stack: 0x000000ebcab00000,0x000000ebcac00000] [id=14232]

[error occurred during error reporting (printing all threads), id 0xc0000005, EXCEPTION_ACCESS_VIOLATION (0xc0000005) at pc=0x00007fffb1843597]

VM state: not at safepoint (not fully initialized)

VM Mutex/Monitor currently owned by a thread:  ([mutex/lock_event])
[0x0000021b69f74b40] Heap_lock - owner thread: 0x0000021b69f78630

Heap address: 0x00000000c0000000, size: 1024 MB, Compressed Oops mode: 32-bit

CDS archive(s) mapped at: [0x0000000000000000-0x0000000000000000-0x0000000000000000), size 0, SharedBaseAddress: 0x0000000800000000, ArchiveRelocationMode: 1.
Narrow klass base: 0x0000000000000000, Narrow klass shift: 0, Narrow klass range: 0x0

GC Precious Log:
<Empty>

Heap:
 garbage-first heap   total 0K, used 0K [0x00000000c0000000, 0x0000000100000000)
  region size 1024K, 0 young (0K), 0 survivors (0K)
 Metaspace       used 0K, committed 0K, reserved 0K
  class space    used 0K, committed 0K, reserved 0K

Heap Regions: E=young(eden), S=young(survivor), O=old, HS=humongous(starts), HC=humongous(continues), CS=collection set, F=free, OA=open archive, CA=closed archive, TAMS=top-at-mark-start (previous, next)

Card table byte_map: [0x0000021b7c8f0000,0x0000021b7caf0000] _byte_map_base: 0x0000021b7c2f0000

Marking Bits (Prev, Next): (CMBitMap*) 0x0000021b69fb0b40, (CMBitMap*) 0x0000021b69fb0b80
 Prev Bits: [0x0000021b7ccf0000, 0x0000021b7dcf0000)
 Next Bits: [0x0000021b7dcf0000, 0x0000021b7ecf0000)

GC Heap History (0 events):
No events

Dll operation events (1 events):
Event: 0.007 Loaded shared library C:\Program Files\JetBrains\PyCharm 2023.3.3\jbr\bin\java.dll

Deoptimization events (0 events):
No events

Classes unloaded (0 events):
No events

Classes redefined (0 events):
No events

Internal exceptions (0 events):
No events

VM Operations (0 events):
No events

Events (0 events):
No events


Dynamic libraries:
0x00007ff619b60000 - 0x00007ff619b6a000 	C:\Program Files\JetBrains\PyCharm 2023.3.3\jbr\bin\java.exe
0x00007ffff9b10000 - 0x00007ffff9d08000 	C:\WINDOWS\SYSTEM32\ntdll.dll
0x00007ffff95c0000 - 0x00007ffff9681000 	C:\WINDOWS\System32\KERNEL32.DLL
0x00007ffff74c0000 - 0x00007ffff77b6000 	C:\WINDOWS\System32\KERNELBASE.dll
0x00007ffff7810000 - 0x00007ffff7910000 	C:\WINDOWS\System32\ucrtbase.dll
0x00007fffda610000 - 0x00007fffda627000 	C:\Program Files\JetBrains\PyCharm 2023.3.3\jbr\bin\jli.dll
0x00007ffff1840000 - 0x00007ffff185b000 	C:\Program Files\JetBrains\PyCharm 2023.3.3\jbr\bin\VCRUNTIME140.dll
0x00007ffff9000000 - 0x00007ffff919f000 	C:\WINDOWS\System32\USER32.dll
0x00007fffdaa80000 - 0x00007fffdad1a000 	C:\WINDOWS\WinSxS\amd64_microsoft.windows.common-controls_6595b64144ccf1df_6.0.19041.4355_none_60b8b9eb71f62e16\COMCTL32.dll
0x00007ffff7b10000 - 0x00007ffff7b32000 	C:\WINDOWS\System32\win32u.dll
0x00007ffff9a30000 - 0x00007ffff9ace000 	C:\WINDOWS\System32\msvcrt.dll
0x00007ffff98a0000 - 0x00007ffff98cb000 	C:\WINDOWS\System32\GDI32.dll
0x00007ffff7260000 - 0x00007ffff7377000 	C:\WINDOWS\System32\gdi32full.dll
0x00007ffff71c0000 - 0x00007ffff725d000 	C:\WINDOWS\System32\msvcp_win.dll
0x00007ffff98d0000 - 0x00007ffff98ff000 	C:\WINDOWS\System32\IMM32.DLL
0x00007ffff1c60000 - 0x00007ffff1c6c000 	C:\Program Files\JetBrains\PyCharm 2023.3.3\jbr\bin\vcruntime140_1.dll
0x00007fffd5bd0000 - 0x00007fffd5c5d000 	C:\Program Files\JetBrains\PyCharm 2023.3.3\jbr\bin\msvcp140.dll
0x00007fffb1550000 - 0x00007fffb21d2000 	C:\Program Files\JetBrains\PyCharm 2023.3.3\jbr\bin\server\jvm.dll
0x00007ffff8190000 - 0x00007ffff8240000 	C:\WINDOWS\System32\ADVAPI32.dll
0x00007ffff8090000 - 0x00007ffff8130000 	C:\WINDOWS\System32\sechost.dll
0x00007ffff9900000 - 0x00007ffff9a23000 	C:\WINDOWS\System32\RPCRT4.dll
0x00007ffff7ae0000 - 0x00007ffff7b07000 	C:\WINDOWS\System32\bcrypt.dll
0x00007ffff6900000 - 0x00007ffff694b000 	C:\WINDOWS\SYSTEM32\POWRPROF.dll
0x00007ffff3710000 - 0x00007ffff3719000 	C:\WINDOWS\SYSTEM32\WSOCK32.dll
0x00007fffe25a0000 - 0x00007fffe25c7000 	C:\WINDOWS\SYSTEM32\WINMM.dll
0x00007ffff9690000 - 0x00007ffff96fb000 	C:\WINDOWS\System32\WS2_32.dll
0x00007fffee4c0000 - 0x00007fffee4ca000 	C:\WINDOWS\SYSTEM32\VERSION.dll
0x00007ffff6870000 - 0x00007ffff6882000 	C:\WINDOWS\SYSTEM32\UMPDC.dll
0x00007ffff59e0000 - 0x00007ffff59f2000 	C:\WINDOWS\SYSTEM32\kernel.appcore.dll
0x00007fffed590000 - 0x00007fffed59a000 	C:\Program Files\JetBrains\PyCharm 2023.3.3\jbr\bin\jimage.dll
0x00007ffff5790000 - 0x00007ffff5974000 	C:\WINDOWS\SYSTEM32\DBGHELP.DLL
0x00007fffec8d0000 - 0x00007fffec904000 	C:\WINDOWS\SYSTEM32\dbgcore.DLL
0x00007ffff7430000 - 0x00007ffff74b2000 	C:\WINDOWS\System32\bcryptPrimitives.dll
0x00007fffd95d0000 - 0x00007fffd95f5000 	C:\Program Files\JetBrains\PyCharm 2023.3.3\jbr\bin\java.dll

dbghelp: loaded successfully - version: 4.0.5 - missing functions: none
symbol engine: initialized successfully - sym options: 0x614 - pdb path: .;C:\Program Files\JetBrains\PyCharm 2023.3.3\jbr\bin;C:\WINDOWS\SYSTEM32;C:\WINDOWS\WinSxS\amd64_microsoft.windows.common-controls_6595b64144ccf1df_6.0.19041.4355_none_60b8b9eb71f62e16;C:\Program Files\JetBrains\PyCharm 2023.3.3\jbr\bin\server

VM Arguments:
jvm_args: -Djava.rmi.server.hostname=127.0.0.1 -Duser.timezone=UTC -Xmx1024m -Xms128m -Djdbc.classpath=C:\Program Files\JetBrains\PyCharm 2023.3.3\plugins\DatabaseTools\lib\jdbc-console.jar;C:\Users\Admin\AppData\Roaming\JetBrains\PyCharm2023.3\jdbc-drivers\PostgreSQL\42.6.0\org\postgresql\postgresql\42.6.0\postgresql-42.6.0.jar;C:\Users\Admin\AppData\Roaming\JetBrains\PyCharm2023.3\jdbc-drivers\PostgreSQL\42.6.0\org\checkerframework\checker-qual\3.31.0\checker-qual-3.31.0.jar;C:\Users\Admin\AppData\Roaming\JetBrains\PyCharm2023.3\jdbc-drivers\PostgreSQL\42.6.0\com\github\waffle\waffle-jna\1.9.1\waffle-jna-1.9.1.jar;C:\Users\Admin\AppData\Roaming\JetBrains\PyCharm2023.3\jdbc-drivers\PostgreSQL\42.6.0\net\java\dev\jna\jna\4.5.1\jna-4.5.1.jar;C:\Users\Admin\AppData\Roaming\JetBrains\PyCharm2023.3\jdbc-drivers\PostgreSQL\42.6.0\net\java\dev\jna\jna-platform\4.5.1\jna-platform-4.5.1.jar;C:\Users\Admin\AppData\Roaming\JetBrains\PyCharm2023.3\jdbc-drivers\PostgreSQL\42.6.0\org\slf4j\jcl-over-slf4j\1.7.25\jcl-over-slf4j-1.7.25.jar;C:\Users\Admin\AppData\Roaming\JetBrains\PyCharm2023.3\jdbc-drivers\PostgreSQL\42.6.0\org\slf4j\slf4j-api\1.7.25\slf4j-api-1.7.25.jar;C:\Users\Admin\AppData\Roaming\JetBrains\PyCharm2023.3\jdbc-drivers\PostgreSQL\42.6.0\com\github\ben-manes\caffeine\caffeine\2.6.2\caffeine-2.6.2.jar --add-exports=java.desktop/sun.awt=ALL-UNNAMED --add-exports=java.desktop/java.awt.peer=ALL-UNNAMED --add-opens=java.desktop/java.awt=ALL-UNNAMED --add-opens=jdk.unsupported/sun.misc=ALL-UNNAMED --add-opens=java.base/java.nio=ALL-UNNAMED --add-opens=java.base/java.util=ALL-UNNAMED -Dfile.encoding=UTF-8 
java_command: com.intellij.database.remote.RemoteJdbcServer org.postgresql.Driver
java_class_path (initial): C:\Program Files\JetBrains\PyCharm 2023.3.3\lib\util_rt.jar;C:\Program Files\JetBrains\PyCharm 2023.3.3\lib\util-8.jar;C:\Program Files\JetBrains\PyCharm 2023.3.3\lib\groovy.jar;C:\Program Files\JetBrains\PyCharm 2023.3.3\plugins\DatabaseTools\lib\jdbc-console.jar;C:\Program Files\JetBrains\PyCharm 2023.3.3\plugins\grid-core-impl\lib\jdbc-console-types.jar;C:\Program Files\JetBrains\PyCharm 2023.3.3\lib\util.jar
Launcher Type: SUN_STANDARD

[Global flags]
     intx CICompilerCount                          = 3                                         {product} {ergonomic}
     uint ConcGCThreads                            = 1                                         {product} {ergonomic}
     uint G1ConcRefinementThreads                  = 4                                         {product} {ergonomic}
   size_t G1HeapRegionSize                         = 1048576                                   {product} {ergonomic}
    uintx GCDrainStackTargetSize                   = 64                                        {product} {ergonomic}
   size_t InitialHeapSize                          = 134217728                                 {product} {command line}
   size_t MarkStackSize                            = 4194304                                   {product} {ergonomic}
   size_t MaxHeapSize                              = 1073741824                                {product} {command line}
   size_t MinHeapDeltaBytes                        = 1048576                                   {product} {ergonomic}
   size_t MinHeapSize                              = 134217728                                 {product} {command line}
    uintx NonNMethodCodeHeapSize                   = 5832780                                {pd product} {ergonomic}
    uintx NonProfiledCodeHeapSize                  = 122912730                              {pd product} {ergonomic}
    uintx ProfiledCodeHeapSize                     = 122912730                              {pd product} {ergonomic}
    uintx ReservedCodeCacheSize                    = 251658240                              {pd product} {ergonomic}
     bool SegmentedCodeCache                       = true                                      {product} {ergonomic}
   size_t SoftMaxHeapSize                          = 1073741824                             {manageable} {ergonomic}
     bool UseCompressedClassPointers               = true                           {product lp64_product} {ergonomic}
     bool UseCompressedOops                        = true                           {product lp64_product} {ergonomic}
     bool UseG1GC                                  = true                                      {product} {ergonomic}
     bool UseLargePagesIndividualAllocation        = false                                  {pd product} {ergonomic}

Logging:
Log output configuration:
 #0: stdout all=warning uptime,level,tags
 #1: stderr all=off uptime,level,tags

Environment Variables:
PATH=C:\ProgramData\Oracle\Java\javapath;C:\Program Files (x86)\Common Files\Intel\Shared Libraries\redist\intel64\compiler;C:\Windows\system32;C:\Windows;C:\Windows\System32\Wbem;C:\Windows\System32\WindowsPowerShell\v1.0\;C:\Windows\System32\OpenSSH\;C:\Program Files (x86)\NVIDIA Corporation\PhysX\Common;C:\Program Files\7-Zip;C:\Program Files\Common Files\Autodesk Shared\;C:\Program Files\Microsoft SQL Server\120\Tools\Binn\;C:\Program Files (x86)\IVI Foundation\VISA\WinNT\Bin;C:\WINDOWS\system32;C:\WINDOWS;C:\WINDOWS\System32\Wbem;C:\WINDOWS\System32\WindowsPowerShell\v1.0\;C:\WINDOWS\System32\OpenSSH\;C:\Program Files (x86)\Windows Kits\10\Windows Performance Toolkit\;C:\Program Files\dotnet\;C:\Program Files\Microsoft SQL Server\150\Tools\Binn\;C:\Program Files\Microsoft SQL Server\Client SDK\ODBC\170\Tools\Binn\;C:\Program Files\Git\cmd;C:\Program Files\Docker\Docker\resources\bin;C:\Users\Admin\AppData\Local\Microsoft\WindowsApps;;C:\Program Files\JetBrains\PyCharm Community Edition 2021.2.1\bin;;C:\Program Files\JetBrains\PyCharm 2023.3.3\bin;;C:\Users\Admin\.dotnet\tools
USERNAME=Admin
OS=Windows_NT
PROCESSOR_IDENTIFIER=Intel64 Family 6 Model 60 Stepping 3, GenuineIntel
TMP=C:\Users\Admin\AppData\Local\Temp
TEMP=C:\Users\Admin\AppData\Local\Temp



Periodic native trim disabled

JNI global refs:
JNI global refs: 0, weak refs: 0

JNI global refs memory usage: 0, weak refs: 0

OOME stack traces (most recent first):
Classloader memory used:


---------------  S Y S T E M  ---------------

OS:
 Windows 10 , 64 bit Build 19041 (10.0.19041.4597)
OS uptime: 7 days 0:01 hours
Hyper-V role detected

CPU: total 4 (initial active 4) (4 cores per cpu, 1 threads per core) family 6 model 60 stepping 3 microcode 0x27, cx8, cmov, fxsr, mmx, sse, sse2, sse3, ssse3, sse4.1, sse4.2, popcnt, lzcnt, tsc, tscinvbit, avx, avx2, aes, erms, clmul, bmi1, bmi2, fma, vzeroupper, clflush, hv
Processor Information for all 4 processors :
  Max Mhz: 3201, Current Mhz: 3201, Mhz Limit: 3201

Memory: 4k page, system-wide physical 8109M (606M free)
TotalPageFile size 32685M (AvailPageFile size 126M)
current process WorkingSet (physical memory assigned to process): 10M, peak: 10M
current process commit charge ("private bytes"): 51M, peak: 179M

vm_info: OpenJDK 64-Bit Server VM (17.0.9+7-b1087.11) for windows-amd64 JRE (17.0.9+7-b1087.11), built on 2024-01-05 by "builduser" with MS VC++ 16.10 / 16.11 (VS2019)

END.
